<?xml version="1.0" encoding="UTF-8"?>
<!-- Generated by org.testng.reporters.JUnitReportReporter -->
<testsuite hostname="QT-UK-LT0998" failures="0" tests="1" name="com.qualitest.sjumbe.bookingtests.PositiveBooking" time="18.915" errors="0" timestamp="2022-10-02T22:14:12 BST" skipped="0">
  <testcase classname="com.qualitest.sjumbe.bookingtests.PositiveBooking" name="positiveBookingTest" time="18.915"/>
  <system-out/>
</testsuite> <!-- com.qualitest.sjumbe.bookingtests.PositiveBooking -->
